make[1]: Entering directory '/home/albertli/GITHOME/dvc-1025/run/05_apr'
dvc_list_design --recursive
_
└── P1-trial
    ├── block1
    ├── block2
    ├── block3
    ├── block4
    ├── block5
    └── chip
        └── 400-APR
            └── 2017_0912-xxx
                ├── chip.jpg
                ├── cts
                │   ├── apr.log
                │   └── sta.rpt
                ├── design.sdc
                ├── design.v
                ├── place
                │   ├── apr.log
                │   ├── place.jpg
                │   └── sta.rpt
                ├── postroute
                │   ├── apr.log
                │   └── sta.rpt
                ├── preplace
                │   ├── apr.log
                │   └── sta.rpt
                └── route
                    ├── apr.log
                    ├── route.jpg
                    └── sta.rpt

14 directories, 15 files
make[1]: Leaving directory '/home/albertli/GITHOME/dvc-1025/run/05_apr'
