=======================================================
SETP: SVN_MODE = file
SETP: SVN_ROOT = svn_root
=======================================================
=======================================================
INFO: DVC_VERSON = 2018_1201a
SETP: DESIGN_PROJT = testcase
INFO: Create Project Design Respository : testcase
=======================================================
=======================================================
INFO: DVC_VERSON = 2018_1201a
INFO: DVC_PATH = chip/P1-trial/000-DATA/2017_0910-xxx
=======================================================
INFO: DVC_VERSON = 2018_1201a
SETP: DESIGN_BLOCK = chip
INFO: Create Project Design Block : chip
=======================================================
=======================================================
INFO: DVC_VERSON = 2018_1201a
SETP: DESIGN_PHASE = P1-trial
INFO: Create Project Design Phase : P1-trial
=======================================================
=======================================================
INFO: DVC_VERSON = 2018_1201a
SETP: DESIGN_STAGE = 000-DATA
INFO: Create Project Design Stage : 000-DATA
=======================================================
=======================================================
INFO: DVC_VERSON = 2018_1201a
SETP: DESIGN_VERSN = 2017_0910-xxx
INFO: Create Project Design Version : 2017_0910-xxx
=======================================================
=======================================================
=======================================================
INFO: DVC_PATH = /chip/P1-trial/000-DATA/2017_0910-xxx
=======================================================
SETP: DESIGN_PROJT = testcase
INFO: Checkout Project Design Respository : testcase
SETP: PROJT_PATH = _
Checked out revision 39.
=======================================================
=======================================================
SETP: DESIGN_BLOCK = chip
INFO: Checkout Project Design Block : chip
Checked out revision 39.
property 'svn:ignore' set on '_'
=======================================================
=======================================================
SETP: DESIGN_PHASE = P1-trial
INFO: Checkout Design Phase : P1-trial
Checked out revision 39.
property 'svn:ignore' set on '_/chip'
=======================================================
=======================================================
SETP: DESIGN_STAGE = 000-DATA
INFO: Checkout Project Design Stage : 000-DATA
Checked out revision 39.
property 'svn:ignore' set on '_/chip/P1-trial'
=======================================================
=======================================================
SETP: DESIGN_VERSN = 2017_0910-xxx
INFO: Checkout Project Design Version : 2017_0910-xxx
Checked out revision 39.
property 'svn:ignore' set on '_/chip/P1-trial/000-DATA'
INFO: Container Path - ':version/.'
=======================================================
=======================================================
INFO: Container Path - ':version/.'
=======================================================
=======================================================
=======================================================
=======================================================
INFO: Checkin Project Design Block : chip
=======================================================
=======================================================
INFO: Checkin Project Design Phase : P1-trial
=======================================================
=======================================================
INFO: Checkin Project Design Stage : 000-DATA
=======================================================
=======================================================
INFO: Checkin Project Design Version : 2017_0910-xxx
A         design.v
A         design.sdc
=======================================================
=======================================================
INFO: Container Path - ':version/.'
=======================================================
=======================================================
chip/
chip/P1-trial/
chip/P1-trial/000-DATA/
chip/P1-trial/000-DATA/2017_0910-xxx/
chip/P1-trial/000-DATA/2017_0910-xxx/design.sdc
chip/P1-trial/000-DATA/2017_0910-xxx/design.v
_
└── chip
    └── P1-trial
        └── 000-DATA
            └── 2017_0910-xxx

4 directories
