make[1]: Entering directory '/home/hungchun/GITHOME/dvc/run/02_file'
dvc_list_project --recursive
P1-trial/
P1-trial/chip/
P1-trial/chip/000-DATA/
P1-trial/chip/000-DATA/2017_0910-xxx/
P1-trial/chip/000-DATA/2017_0910-xxx/design.sdc
P1-trial/chip/000-DATA/2017_0910-xxx/design.v
P1-trial/chip/400-APR/
P1-trial/chip/400-APR/2017_0910-xxx/
P1-trial/chip/400-APR/2017_0910-xxx/chip.jpg
P1-trial/chip/400-APR/2017_0910-xxx/design.sdc
P1-trial/chip/400-APR/2017_0910-xxx/design.v
P1-trial/chip/420-place/
P1-trial/chip/420-place/2017_0615-xxx/
P1-trial/chip/420-place/2017_0615-xxx/place_opt/
P1-trial/chip/420-place/2017_0615-xxx/place_opt/cache/
P1-trial/chip/420-place/2017_0615-xxx/place_opt/cache/HISTORY.txt
P1-trial/chip/420-place/2017_0615-xxx/place_opt/design.def
P1-trial/chip/420-place/2017_0615-xxx/place_opt/design.spef
P1-trial/chip/420-place/2017_0615-xxx/place_opt/design.v
P1-trial/chip/420-place/2017_0615-xxx/place_opt/report/
P1-trial/chip/420-place/2017_0615-xxx/place_opt/report/HISTORY.txt
P1-trial/chip/420-place/2017_0615-xxx/place_opt/run_apr.log
P1-trial/chip/520-sta/
P1-trial/chip/520-sta/2017_0620-xxx/
P1-trial/chip/520-sta/2017_0620-xxx/ttt_0p80V_25C_rctyp/
P1-trial/chip/520-sta/2017_0910-xxx/
P1-trial/chip/520-sta/2017_0910-xxx/001/
P1-trial/chip/520-sta/2017_0910-xxx/001/sta.log
P1-trial/chip/520-sta/2017_0910-xxx/001/sta.rpt
P1-trial/chip/520-sta/2017_0910-xxx/002/
P1-trial/chip/520-sta/2017_0910-xxx/002/sta.log
P1-trial/chip/520-sta/2017_0910-xxx/002/sta.rpt
P1-trial/chip/520-sta/2017_0910-xxx/003/
P1-trial/chip/520-sta/2017_0910-xxx/003/sta.log
P1-trial/chip/520-sta/2017_0910-xxx/003/sta.rpt
P1-trial/chip/520-sta/2017_0910-xxx/004/
P1-trial/chip/520-sta/2017_0910-xxx/004/sta.log
P1-trial/chip/520-sta/2017_0910-xxx/004/sta.rpt
P1-trial/chip/520-sta/2017_0912-yyy/
P1-trial/chip/520-sta/2017_0912-yyy/001/
P1-trial/chip/520-sta/2017_0912-yyy/001/sta.log
P1-trial/chip/520-sta/2017_0912-yyy/001/sta.rpt
P1-trial/chip/520-sta/2017_0912-yyy/002/
P1-trial/chip/520-sta/2017_0912-yyy/002/sta.log
P1-trial/chip/520-sta/2017_0912-yyy/002/sta.rpt
P1-trial/chip/520-sta/2017_0912-yyy/003/
P1-trial/chip/520-sta/2017_0912-yyy/003/sta.log
P1-trial/chip/520-sta/2017_0912-yyy/003/sta.rpt
P1-trial/chip/520-sta/2017_0912-yyy/004/
P1-trial/chip/520-sta/2017_0912-yyy/004/sta.log
P1-trial/chip/520-sta/2017_0912-yyy/004/sta.rpt
P1-trial/chip/520-sta/2017_0914-zzz/
P1-trial/chip/520-sta/2017_0914-zzz/001/
P1-trial/chip/520-sta/2017_0914-zzz/001/sta.log
P1-trial/chip/520-sta/2017_0914-zzz/001/sta.rpt
P1-trial/chip/520-sta/2017_0914-zzz/002/
P1-trial/chip/520-sta/2017_0914-zzz/002/sta.log
P1-trial/chip/520-sta/2017_0914-zzz/002/sta.rpt
P1-trial/chip/520-sta/2017_0914-zzz/003/
P1-trial/chip/520-sta/2017_0914-zzz/003/sta.log
P1-trial/chip/520-sta/2017_0914-zzz/003/sta.rpt
P1-trial/chip/520-sta/2017_0914-zzz/004/
P1-trial/chip/520-sta/2017_0914-zzz/004/sta.log
P1-trial/chip/520-sta/2017_0914-zzz/004/sta.rpt
make[1]: Leaving directory '/home/hungchun/GITHOME/dvc/run/02_file'
