make[1]: Entering directory `/home/icdop/dvc/run/04_sta'
dvc_list_project --recursive
P1-trial/
P1-trial/chip/
P1-trial/chip/400-APR/
P1-trial/chip/400-APR/2017_0910-xxx/
P1-trial/chip/400-APR/2017_0910-xxx/chip.jpg
P1-trial/chip/400-APR/2017_0910-xxx/design.sdc
P1-trial/chip/400-APR/2017_0910-xxx/design.v
P1-trial/chip/520-sta/
P1-trial/chip/520-sta/2017_0910-ww38/
P1-trial/chip/520-sta/2017_0910-ww38/001/
P1-trial/chip/520-sta/2017_0910-ww38/001/sta.log
P1-trial/chip/520-sta/2017_0910-ww38/001/sta.rpt
P1-trial/chip/520-sta/2017_0910-ww38/002/
P1-trial/chip/520-sta/2017_0910-ww38/002/sta.log
P1-trial/chip/520-sta/2017_0910-ww38/002/sta.rpt
P1-trial/chip/520-sta/2017_0910-ww38/003/
P1-trial/chip/520-sta/2017_0910-ww38/003/sta.log
P1-trial/chip/520-sta/2017_0910-ww38/003/sta.rpt
P1-trial/chip/520-sta/2017_0910-ww38/004/
P1-trial/chip/520-sta/2017_0910-ww38/004/sta.log
P1-trial/chip/520-sta/2017_0910-ww38/004/sta.rpt
P1-trial/chip/520-sta/2017_0910-ww38/chip.jpg
P1-trial/chip/520-sta/2017_0910-ww38/design.sdc
P1-trial/chip/520-sta/2017_0910-ww38/design.v
P1-trial/chip/520-sta/2017_0910-ww39/
P1-trial/chip/520-sta/2017_0910-ww39/001/
P1-trial/chip/520-sta/2017_0910-ww39/001/sta.log
P1-trial/chip/520-sta/2017_0910-ww39/001/sta.rpt
P1-trial/chip/520-sta/2017_0910-ww39/002/
P1-trial/chip/520-sta/2017_0910-ww39/002/sta.log
P1-trial/chip/520-sta/2017_0910-ww39/002/sta.rpt
P1-trial/chip/520-sta/2017_0910-ww39/003/
P1-trial/chip/520-sta/2017_0910-ww39/003/sta.log
P1-trial/chip/520-sta/2017_0910-ww39/003/sta.rpt
P1-trial/chip/520-sta/2017_0910-ww39/004/
P1-trial/chip/520-sta/2017_0910-ww39/004/sta.log
P1-trial/chip/520-sta/2017_0910-ww39/004/sta.rpt
P1-trial/chip/520-sta/2017_0910-ww39/chip.jpg
P1-trial/chip/520-sta/2017_0910-ww39/design.sdc
P1-trial/chip/520-sta/2017_0910-ww39/design.v
P1-trial/chip/520-sta/2017_0910-ww40/
P1-trial/chip/520-sta/2017_0910-ww40/001/
P1-trial/chip/520-sta/2017_0910-ww40/001/sta.log
P1-trial/chip/520-sta/2017_0910-ww40/001/sta.rpt
P1-trial/chip/520-sta/2017_0910-ww40/002/
P1-trial/chip/520-sta/2017_0910-ww40/002/sta.log
P1-trial/chip/520-sta/2017_0910-ww40/002/sta.rpt
P1-trial/chip/520-sta/2017_0910-ww40/003/
P1-trial/chip/520-sta/2017_0910-ww40/003/sta.log
P1-trial/chip/520-sta/2017_0910-ww40/003/sta.rpt
P1-trial/chip/520-sta/2017_0910-ww40/004/
P1-trial/chip/520-sta/2017_0910-ww40/004/sta.log
P1-trial/chip/520-sta/2017_0910-ww40/004/sta.rpt
P1-trial/chip/520-sta/2017_0910-ww40/chip.jpg
P1-trial/chip/520-sta/2017_0910-ww40/design.sdc
P1-trial/chip/520-sta/2017_0910-ww40/design.v
make[1]: Leaving directory `/home/icdop/dvc/run/04_sta'
