_
└── chip
    └── P1-trial
        ├── 400-APR
        │   └── 2017_0910-xxx
        │       ├── chip.jpg
        │       ├── design.sdc
        │       └── design.v
        └── 520-sta
            ├── 2017_0910-ww38
            │   ├── 001
            │   │   ├── sta.log -> /home/toolsadm/GITHOME/dvc/run/04_sta/report/sta.log
            │   │   └── sta.rpt
            │   ├── 002
            │   │   ├── sta.log -> /home/toolsadm/GITHOME/dvc/run/04_sta/report/sta.log
            │   │   └── sta.rpt
            │   ├── 003
            │   │   ├── sta.log -> /home/toolsadm/GITHOME/dvc/run/04_sta/report/sta.log
            │   │   └── sta.rpt
            │   ├── 004
            │   │   ├── sta.log -> /home/toolsadm/GITHOME/dvc/run/04_sta/report/sta.log
            │   │   └── sta.rpt
            │   ├── chip.jpg
            │   ├── design.sdc
            │   └── design.v
            ├── 2017_0910-ww39
            │   ├── 001
            │   │   ├── sta.log -> /home/toolsadm/GITHOME/dvc/run/04_sta/report/sta.log
            │   │   └── sta.rpt
            │   ├── 002
            │   │   ├── sta.log -> /home/toolsadm/GITHOME/dvc/run/04_sta/report/sta.log
            │   │   └── sta.rpt
            │   ├── 003
            │   │   ├── sta.log -> /home/toolsadm/GITHOME/dvc/run/04_sta/report/sta.log
            │   │   └── sta.rpt
            │   ├── 004
            │   │   ├── sta.log -> /home/toolsadm/GITHOME/dvc/run/04_sta/report/sta.log
            │   │   └── sta.rpt
            │   ├── chip.jpg
            │   ├── design.sdc
            │   └── design.v
            └── 2017_0910-ww40
                ├── 001
                │   ├── sta.log -> /home/toolsadm/GITHOME/dvc/run/04_sta/report/sta.log
                │   └── sta.rpt
                ├── 002
                │   ├── sta.log -> /home/toolsadm/GITHOME/dvc/run/04_sta/report/sta.log
                │   └── sta.rpt
                ├── 003
                │   ├── sta.log -> /home/toolsadm/GITHOME/dvc/run/04_sta/report/sta.log
                │   └── sta.rpt
                ├── 004
                │   ├── sta.log -> /home/toolsadm/GITHOME/dvc/run/04_sta/report/sta.log
                │   └── sta.rpt
                ├── chip.jpg
                ├── design.sdc
                └── design.v

20 directories, 36 files
