diff -r log/list1.rpt golden/list1.rpt
8,18c8,15
< P1-trial/chip/520-sta/
< P1-trial/chip/520-sta/2017_0620-xxx/
< P1-trial/chip/520-sta/2017_0620-xxx/ttt_0p80V_25C_rctyp/
< P1-trial/chip/520-sta/2017_0620-xxx/ttt_0p80V_25C_rctyp/cache/
< P1-trial/chip/520-sta/2017_0620-xxx/ttt_0p80V_25C_rctyp/cache/HISTORY.txt
< P1-trial/chip/520-sta/2017_0620-xxx/ttt_0p80V_25C_rctyp/design.sdf
< P1-trial/chip/520-sta/2017_0620-xxx/ttt_0p80V_25C_rctyp/design.spef
< P1-trial/chip/520-sta/2017_0620-xxx/ttt_0p80V_25C_rctyp/design.v
< P1-trial/chip/520-sta/2017_0620-xxx/ttt_0p80V_25C_rctyp/report/
< P1-trial/chip/520-sta/2017_0620-xxx/ttt_0p80V_25C_rctyp/report/HISTORY.txt
< P1-trial/chip/520-sta/2017_0620-xxx/ttt_0p80V_25C_rctyp/run_sta.log
---
> P1-trial/chip/420-place/2017_0615-xxx/place_opt/cache/
> P1-trial/chip/420-place/2017_0615-xxx/place_opt/cache/HISTORY.txt
> P1-trial/chip/420-place/2017_0615-xxx/place_opt/design.def
> P1-trial/chip/420-place/2017_0615-xxx/place_opt/design.spef
> P1-trial/chip/420-place/2017_0615-xxx/place_opt/design.v
> P1-trial/chip/420-place/2017_0615-xxx/place_opt/report/
> P1-trial/chip/420-place/2017_0615-xxx/place_opt/report/HISTORY.txt
> P1-trial/chip/420-place/2017_0615-xxx/place_opt/run_apr.log
diff -r log/tree0.rpt golden/tree0.rpt
2,3c2,3
< dvc_tree_design _
< _
---
> dvc_tree_design :
> :
5c5
<     ├── _ -> chip
---
>     ├── : -> chip
7c7
<         ├── _ -> 420-place
---
>         ├── : -> 420-place
9c9
<             ├── _ -> 2017_0615-xxx
---
>             ├── : -> 2017_0615-xxx
11a12,13
>                     ├── cache
>                     └── report
13c15
< 8 directories
---
> 10 directories
diff -r log/tree1.rpt golden/tree1.rpt
2,3c2,3
< dvc_tree_design _
< _
---
> dvc_tree_design :
> :
5c5
<     ├── _ -> chip
---
>     ├── : -> chip
7c7
<         ├── _ -> 420-place
---
>         ├── : -> 420-place
9c9
<             ├── _ -> 2017_0615-xxx
---
>             ├── : -> 2017_0615-xxx
diff -r log/tree2.rpt golden/tree2.rpt
2,3c2,3
< dvc_tree_design _
< _
---
> dvc_tree_design :
> :
5c5
<     ├── _ -> chip
---
>     ├── : -> chip
7c7
<         ├── _ -> 420-place
---
>         ├── : -> 420-place
9c9
<             ├── _ -> 2017_0615-xxx
---
>             ├── : -> 2017_0615-xxx
